2025-03-09 05:00:11.125 | INFO | Starting SpBatchApplication using Java 17.0.13 with PID 6140 (C:\Users\raule\Documents\Zona Cursos\Area Java\Java Programming Workspace\SPRING BATCH\sp-batch-CSV\sp_batch\target\classes started by raule in C:\Users\raule\Documents\Zona Cursos\Area Java\Java Programming Workspace\SPRING BATCH\sp-batch-CSV\sp_batch)
2025-03-09 05:00:11.128 | INFO | No active profile set, falling back to 1 default profile: "default"
2025-03-09 05:00:11.198 | INFO | Devtools property defaults active! Set 'spring.devtools.add-properties' to 'false' to disable
2025-03-09 05:00:11.198 | INFO | For additional web related logging consider setting the 'logging.level.web' property to 'DEBUG'
2025-03-09 05:00:12.264 | INFO | Bootstrapping Spring Data JPA repositories in DEFAULT mode.
2025-03-09 05:00:12.386 | INFO | Finished Spring Data repository scanning in 90 ms. Found 1 JPA repository interface.
2025-03-09 05:00:13.247 | INFO | Tomcat initialized with port 8080 (http)
2025-03-09 05:00:13.265 | INFO | Starting service [Tomcat]
2025-03-09 05:00:13.265 | INFO | Starting Servlet engine: [Apache Tomcat/10.1.36]
2025-03-09 05:00:13.336 | INFO | Initializing Spring embedded WebApplicationContext
2025-03-09 05:00:13.336 | INFO | Root WebApplicationContext: initialization completed in 2137 ms
2025-03-09 05:00:13.500 | INFO | {} - Starting...
2025-03-09 05:00:13.759 | INFO | {} - Added connection {}
2025-03-09 05:00:13.761 | INFO | {} - Start completed.
2025-03-09 05:00:13.902 | INFO | HHH000204: Processing PersistenceUnitInfo [name: default]
2025-03-09 05:00:14.024 | INFO | HHH000412: Hibernate ORM core version 6.6.8.Final
2025-03-09 05:00:14.100 | INFO | HHH000026: Second-level cache disabled
2025-03-09 05:00:14.694 | INFO | No LoadTimeWeaver setup: ignoring JPA class transformer
2025-03-09 05:00:14.891 | INFO | HHH10001005: Database info:
	Database JDBC URL [Connecting through datasource 'HikariDataSource (HikariPool-1)']
	Database driver: undefined/unknown
	Database version: 9.2
	Autocommit mode: undefined/unknown
	Isolation level: undefined/unknown
	Minimum pool size: undefined/unknown
	Maximum pool size: undefined/unknown
2025-03-09 05:00:16.012 | INFO | HHH000489: No JTA platform available (set 'hibernate.transaction.jta.platform' to enable JTA platform integration)
2025-03-09 05:00:16.075 | INFO | Initialized JPA EntityManagerFactory for persistence unit 'default'
2025-03-09 05:00:16.644 | WARN | spring.jpa.open-in-view is enabled by default. Therefore, database queries may be performed during view rendering. Explicitly configure spring.jpa.open-in-view to disable this warning
2025-03-09 05:00:17.158 | INFO | LiveReload server is running on port 35729
2025-03-09 05:00:17.209 | INFO | Tomcat started on port 8080 (http) with context path '/'
2025-03-09 05:00:17.218 | INFO | Started SpBatchApplication in 6.578 seconds (process running for 7.058)
2025-03-09 05:00:17.224 | INFO | Running default command line with: []
2025-03-09 05:00:17.437 | INFO | Job: [SimpleJob: [name=processPersonJob]] launched with the following parameters: [{}]
2025-03-09 05:00:17.462 | INFO | Step already complete or not restartable, so no action to execute: StepExecution: id=62, version=3, name=unzipStep, status=COMPLETED, exitStatus=COMPLETED, readCount=0, filterCount=0, writeCount=0 readSkipCount=0, writeSkipCount=0, processSkipCount=0, commitCount=1, rollbackCount=0, exitDescription=
2025-03-09 05:00:17.471 | INFO | Step already complete or not restartable, so no action to execute: StepExecution: id=12, version=3, name=readPersonStep, status=COMPLETED, exitStatus=COMPLETED, readCount=0, filterCount=0, writeCount=0 readSkipCount=0, writeSkipCount=0, processSkipCount=0, commitCount=1, rollbackCount=0, exitDescription=
2025-03-09 05:00:17.478 | INFO | Step already complete or not restartable, so no action to execute: StepExecution: id=13, version=3, name=processPersonStep, status=COMPLETED, exitStatus=COMPLETED, readCount=0, filterCount=0, writeCount=0 readSkipCount=0, writeSkipCount=0, processSkipCount=0, commitCount=1, rollbackCount=0, exitDescription=
2025-03-09 05:00:17.483 | INFO | Step already complete or not restartable, so no action to execute: StepExecution: id=14, version=3, name=writePersonStep, status=COMPLETED, exitStatus=COMPLETED, readCount=0, filterCount=0, writeCount=0 readSkipCount=0, writeSkipCount=0, processSkipCount=0, commitCount=1, rollbackCount=0, exitDescription=
2025-03-09 05:00:17.493 | INFO | Job: [SimpleJob: [name=processPersonJob]] completed with the following parameters: [{}] and the following status: [COMPLETED] in 38ms
2025-03-09 05:00:36.496 | INFO | Initializing Spring DispatcherServlet 'dispatcherServlet'
2025-03-09 05:00:36.497 | INFO | Initializing Servlet 'dispatcherServlet'
2025-03-09 05:00:36.499 | INFO | Completed initialization in 1 ms
2025-03-09 05:00:36.584 | INFO | Iniciando el proceso batch para el archivo: {}
2025-03-09 05:00:36.622 | INFO | Job: [SimpleJob: [name=processPersonJob]] launched with the following parameters: [{'fecha':'{value=Sun Mar 09 05:00:36 CET 2025, type=class java.util.Date, identifying=true}','nombre':'{value=persons.zip, type=class java.lang.String, identifying=true}'}]
2025-03-09 05:00:36.642 | INFO | Executing step: [unzipStep]
2025-03-09 05:00:36.658 | INFO | -------------------> Inicio del paso de descompresión del archivo <-------------------
2025-03-09 05:00:36.659 | INFO | ZIP file path: {}
2025-03-09 05:00:36.659 | INFO | Destination directory: {}
2025-03-09 05:00:36.661 | INFO | -------------------> Fin del paso de descompresión del archivo <-------------------
2025-03-09 05:00:36.669 | INFO | Step: [unzipStep] executed in 27ms
2025-03-09 05:00:36.690 | INFO | Executing step: [readPersonStep]
2025-03-09 05:00:36.698 | INFO | -------------------> Inicio del paso de lectura del archivo <-------------------
2025-03-09 05:00:36.698 | INFO | Absolute file path: {}
2025-03-09 05:00:36.711 | INFO | -------------------> Fin del paso de lectura del archivo <-------------------
2025-03-09 05:00:36.718 | INFO | Step: [readPersonStep] executed in 28ms
2025-03-09 05:00:36.742 | INFO | Executing step: [processPersonStep]
2025-03-09 05:00:36.751 | INFO | -------------------> Inicio del paso de procesamiento del archivo <-------------------
2025-03-09 05:00:36.752 | INFO | -------------------> Fin del paso de procesamiento del archivo <-------------------
2025-03-09 05:00:36.757 | INFO | Step: [processPersonStep] executed in 15ms
2025-03-09 05:00:36.779 | INFO | Executing step: [writePersonStep]
2025-03-09 05:00:36.786 | INFO | -------------------> Inicio del paso de escritura del archivo <-------------------
2025-03-09 05:00:36.790 | INFO | Person(id=null, name=Santiago, lastName=Perez, age=24, insertionDate=09/03/2025 05:00:36)
2025-03-09 05:00:36.791 | INFO | Person(id=null, name=Anyi, lastName=Hoyos, age=22, insertionDate=09/03/2025 05:00:36)
2025-03-09 05:00:36.791 | INFO | Person(id=null, name=Andrea, lastName=Calle, age=20, insertionDate=09/03/2025 05:00:36)
2025-03-09 05:00:36.791 | INFO | Person(id=null, name=Daniel, lastName=Posada, age=26, insertionDate=09/03/2025 05:00:36)
2025-03-09 05:00:36.791 | INFO | Person(id=null, name=Sofia, lastName=Perez, age=9, insertionDate=09/03/2025 05:00:36)
2025-03-09 05:00:36.868 | INFO | -------------------> Fin del paso de escritura del archivo <-------------------
2025-03-09 05:00:36.881 | INFO | Step: [writePersonStep] executed in 101ms
2025-03-09 05:00:36.901 | INFO | Job: [SimpleJob: [name=processPersonJob]] completed with the following parameters: [{'fecha':'{value=Sun Mar 09 05:00:36 CET 2025, type=class java.util.Date, identifying=true}','nombre':'{value=persons.zip, type=class java.lang.String, identifying=true}'}] and the following status: [COMPLETED] in 270ms
2025-03-09 05:00:36.902 | INFO | Job ejecutado: {}, Status: {}
2025-03-09 05:00:36.902 | INFO | Finalizando el proceso batch para el archivo: {}
2025-03-09 05:00:38.110 | INFO | Restarting due to 2 class path changes (0 additions, 0 deletions, 2 modifications)
2025-03-09 05:00:38.114 | INFO | Commencing graceful shutdown. Waiting for active requests to complete
2025-03-09 05:00:38.264 | INFO | Graceful shutdown complete
2025-03-09 05:00:38.268 | INFO | Closing JPA EntityManagerFactory for persistence unit 'default'
2025-03-09 05:00:38.271 | INFO | {} - Shutdown initiated...
2025-03-09 05:00:38.283 | INFO | {} - Shutdown completed.
2025-03-09 05:00:38.408 | INFO | Starting SpBatchApplication using Java 17.0.13 with PID 6140 (C:\Users\raule\Documents\Zona Cursos\Area Java\Java Programming Workspace\SPRING BATCH\sp-batch-CSV\sp_batch\target\classes started by raule in C:\Users\raule\Documents\Zona Cursos\Area Java\Java Programming Workspace\SPRING BATCH\sp-batch-CSV\sp_batch)
2025-03-09 05:00:38.409 | INFO | No active profile set, falling back to 1 default profile: "default"
2025-03-09 05:00:38.757 | INFO | Bootstrapping Spring Data JPA repositories in DEFAULT mode.
2025-03-09 05:00:38.773 | INFO | Finished Spring Data repository scanning in 15 ms. Found 1 JPA repository interface.
2025-03-09 05:00:38.882 | INFO | Tomcat initialized with port 8080 (http)
2025-03-09 05:00:38.884 | INFO | Starting service [Tomcat]
2025-03-09 05:00:38.884 | INFO | Starting Servlet engine: [Apache Tomcat/10.1.36]
2025-03-09 05:00:38.920 | INFO | Initializing Spring embedded WebApplicationContext
2025-03-09 05:00:38.920 | INFO | Root WebApplicationContext: initialization completed in 507 ms
2025-03-09 05:00:38.951 | INFO | {} - Starting...
2025-03-09 05:00:38.958 | INFO | {} - Added connection {}
2025-03-09 05:00:38.959 | INFO | {} - Start completed.
2025-03-09 05:00:38.977 | INFO | HHH000204: Processing PersistenceUnitInfo [name: default]
2025-03-09 05:00:38.980 | INFO | HHH000026: Second-level cache disabled
2025-03-09 05:00:38.998 | INFO | No LoadTimeWeaver setup: ignoring JPA class transformer
2025-03-09 05:00:39.004 | INFO | HHH10001005: Database info:
	Database JDBC URL [Connecting through datasource 'HikariDataSource (HikariPool-2)']
	Database driver: undefined/unknown
	Database version: 9.2
	Autocommit mode: undefined/unknown
	Isolation level: undefined/unknown
	Minimum pool size: undefined/unknown
	Maximum pool size: undefined/unknown
2025-03-09 05:00:39.070 | INFO | HHH000489: No JTA platform available (set 'hibernate.transaction.jta.platform' to enable JTA platform integration)
2025-03-09 05:00:39.091 | INFO | Initialized JPA EntityManagerFactory for persistence unit 'default'
2025-03-09 05:00:39.282 | WARN | spring.jpa.open-in-view is enabled by default. Therefore, database queries may be performed during view rendering. Explicitly configure spring.jpa.open-in-view to disable this warning
2025-03-09 05:00:39.425 | INFO | LiveReload server is running on port 35729
2025-03-09 05:00:39.436 | INFO | Tomcat started on port 8080 (http) with context path '/'
2025-03-09 05:00:39.440 | INFO | Started SpBatchApplication in 1.086 seconds (process running for 29.28)
2025-03-09 05:00:39.442 | INFO | Running default command line with: []
2025-03-09 05:00:39.576 | INFO | Job: [SimpleJob: [name=processPersonJob]] launched with the following parameters: [{}]
2025-03-09 05:00:39.589 | INFO | Step already complete or not restartable, so no action to execute: StepExecution: id=62, version=3, name=unzipStep, status=COMPLETED, exitStatus=COMPLETED, readCount=0, filterCount=0, writeCount=0 readSkipCount=0, writeSkipCount=0, processSkipCount=0, commitCount=1, rollbackCount=0, exitDescription=
2025-03-09 05:00:39.596 | INFO | Step already complete or not restartable, so no action to execute: StepExecution: id=12, version=3, name=readPersonStep, status=COMPLETED, exitStatus=COMPLETED, readCount=0, filterCount=0, writeCount=0 readSkipCount=0, writeSkipCount=0, processSkipCount=0, commitCount=1, rollbackCount=0, exitDescription=
2025-03-09 05:00:39.601 | INFO | Step already complete or not restartable, so no action to execute: StepExecution: id=13, version=3, name=processPersonStep, status=COMPLETED, exitStatus=COMPLETED, readCount=0, filterCount=0, writeCount=0 readSkipCount=0, writeSkipCount=0, processSkipCount=0, commitCount=1, rollbackCount=0, exitDescription=
2025-03-09 05:00:39.611 | INFO | Step already complete or not restartable, so no action to execute: StepExecution: id=14, version=3, name=writePersonStep, status=COMPLETED, exitStatus=COMPLETED, readCount=0, filterCount=0, writeCount=0 readSkipCount=0, writeSkipCount=0, processSkipCount=0, commitCount=1, rollbackCount=0, exitDescription=
2025-03-09 05:00:39.617 | INFO | Job: [SimpleJob: [name=processPersonJob]] completed with the following parameters: [{}] and the following status: [COMPLETED] in 33ms
2025-03-09 05:00:39.620 | INFO | Condition evaluation unchanged
